<?xml version="1.0" encoding="UTF-8"?>
<testng-results ignored="0" total="1" passed="1" failed="0" skipped="0">
  <reporter-output>
  </reporter-output>
  <suite started-at="2026-03-16T09:16:44 IST" name="Default suite" finished-at="2026-03-16T09:16:55 IST" duration-ms="10815">
    <groups>
    </groups>
    <test started-at="2026-03-16T09:16:44 IST" name="Default test" finished-at="2026-03-16T09:16:55 IST" duration-ms="10815">
      <class name="TestNG.LoginPageFactoryTest">
        <test-method signature="login()[pri:0, instance:TestNG.LoginPageFactoryTest@62379589]" started-at="2026-03-16T09:16:44 IST" name="login" finished-at="2026-03-16T09:16:55 IST" duration-ms="10767" status="PASS">
          <reporter-output>
          </reporter-output>
        </test-method> <!-- login -->
      </class> <!-- TestNG.LoginPageFactoryTest -->
    </test> <!-- Default test -->
  </suite> <!-- Default suite -->
</testng-results>
